<?xml version="1.0" encoding="UTF-8"?>
<!-- Generated by org.testng.reporters.JUnitReportReporter -->
<testsuite hostname="DESKTOP-E3G0KFI" failures="0" tests="1" name="com.assignmeent.browserconfiq.AmountTest" time="1.223" errors="0" timestamp="2024-08-04T23:52:29 IST" skipped="0">
  <testcase classname="com.assignmeent.browserconfiq.AmountTest" name="asssignmentTest" time="1.223"/>
  <system-out/>
</testsuite> <!-- com.assignmeent.browserconfiq.AmountTest -->
